{
  "stats": {
    "suites": 28,
    "tests": 21,
    "passes": 21,
    "pending": 0,
    "failures": 0,
    "start": "2017-11-28T03:15:43.020Z",
    "end": "2017-11-28T03:15:43.064Z",
    "duration": 44,
    "testsRegistered": 21,
    "passPercent": 100,
    "pendingPercent": 0,
    "other": 0,
    "hasOther": false,
    "skipped": 0,
    "hasSkipped": false,
    "passPercentClass": "success",
    "pendingPercentClass": "danger"
  },
  "suites": {
    "title": "",
    "suites": [
      {
        "title": "convertCurrency：转换大金额大写",
        "suites": [
          {
            "title": "大数字金额",
            "suites": [],
            "tests": [
              {
                "title": "should return 壹拾兆零贰佰亿元伍角陆分",
                "fullTitle": "convertCurrency：转换大金额大写 大数字金额 should return 壹拾兆零贰佰亿元伍角陆分",
                "timedOut": false,
                "duration": 1,
                "state": "passed",
                "speed": "fast",
                "pass": true,
                "fail": false,
                "pending": false,
                "code": "expect(_index2.default.convertCurrency(10020000000000.56)).to.eq('壹拾兆零贰佰亿元伍角陆分');",
                "err": {},
                "isRoot": false,
                "uuid": "9da4e1af-3360-4324-8358-5c1d02e83f41",
                "parentUUID": "a0f3e1a5-5563-4fe1-a11a-c3ee1fdecec2",
                "isHook": false,
                "skipped": false
              }
            ],
            "pending": [],
            "root": false,
            "_timeout": 2000,
            "file": "\\test\\utils.js",
            "uuid": "a0f3e1a5-5563-4fe1-a11a-c3ee1fdecec2",
            "beforeHooks": [],
            "afterHooks": [],
            "fullFile": "G:\\aegis\\aegis_utils\\test\\utils.js",
            "passes": [
              {
                "title": "should return 壹拾兆零贰佰亿元伍角陆分",
                "fullTitle": "convertCurrency：转换大金额大写 大数字金额 should return 壹拾兆零贰佰亿元伍角陆分",
                "timedOut": false,
                "duration": 1,
                "state": "passed",
                "speed": "fast",
                "pass": true,
                "fail": false,
                "pending": false,
                "code": "expect(_index2.default.convertCurrency(10020000000000.56)).to.eq('壹拾兆零贰佰亿元伍角陆分');",
                "err": {},
                "isRoot": false,
                "uuid": "9da4e1af-3360-4324-8358-5c1d02e83f41",
                "parentUUID": "a0f3e1a5-5563-4fe1-a11a-c3ee1fdecec2",
                "isHook": false,
                "skipped": false
              }
            ],
            "failures": [],
            "skipped": [],
            "hasBeforeHooks": false,
            "hasAfterHooks": false,
            "hasTests": true,
            "hasSuites": false,
            "totalTests": 1,
            "totalPasses": 1,
            "totalFailures": 0,
            "totalPending": 0,
            "totalSkipped": 0,
            "hasPasses": true,
            "hasFailures": false,
            "hasPending": false,
            "hasSkipped": false,
            "duration": 1,
            "rootEmpty": false
          },
          {
            "title": "小数字金额",
            "suites": [],
            "tests": [
              {
                "title": "should return 壹仟零贰元整",
                "fullTitle": "convertCurrency：转换大金额大写 小数字金额 should return 壹仟零贰元整",
                "timedOut": false,
                "duration": 0,
                "state": "passed",
                "speed": "fast",
                "pass": true,
                "fail": false,
                "pending": false,
                "code": "expect(_index2.default.convertCurrency(1002)).to.eq('壹仟零贰元整');",
                "err": {},
                "isRoot": false,
                "uuid": "c5d37b79-a5ad-46d8-9084-5c25a24ae710",
                "parentUUID": "225fcf79-6c4a-47b1-bb61-72cdfc462217",
                "isHook": false,
                "skipped": false
              }
            ],
            "pending": [],
            "root": false,
            "_timeout": 2000,
            "file": "\\test\\utils.js",
            "uuid": "225fcf79-6c4a-47b1-bb61-72cdfc462217",
            "beforeHooks": [],
            "afterHooks": [],
            "fullFile": "G:\\aegis\\aegis_utils\\test\\utils.js",
            "passes": [
              {
                "title": "should return 壹仟零贰元整",
                "fullTitle": "convertCurrency：转换大金额大写 小数字金额 should return 壹仟零贰元整",
                "timedOut": false,
                "duration": 0,
                "state": "passed",
                "speed": "fast",
                "pass": true,
                "fail": false,
                "pending": false,
                "code": "expect(_index2.default.convertCurrency(1002)).to.eq('壹仟零贰元整');",
                "err": {},
                "isRoot": false,
                "uuid": "c5d37b79-a5ad-46d8-9084-5c25a24ae710",
                "parentUUID": "225fcf79-6c4a-47b1-bb61-72cdfc462217",
                "isHook": false,
                "skipped": false
              }
            ],
            "failures": [],
            "skipped": [],
            "hasBeforeHooks": false,
            "hasAfterHooks": false,
            "hasTests": true,
            "hasSuites": false,
            "totalTests": 1,
            "totalPasses": 1,
            "totalFailures": 0,
            "totalPending": 0,
            "totalSkipped": 0,
            "hasPasses": true,
            "hasFailures": false,
            "hasPending": false,
            "hasSkipped": false,
            "duration": 0,
            "rootEmpty": false
          }
        ],
        "tests": [],
        "pending": [],
        "root": false,
        "_timeout": 2000,
        "file": "\\test\\utils.js",
        "uuid": "6010e820-3bab-4d47-821e-bd65c46827ae",
        "beforeHooks": [],
        "afterHooks": [],
        "fullFile": "G:\\aegis\\aegis_utils\\test\\utils.js",
        "passes": [],
        "failures": [],
        "skipped": [],
        "hasBeforeHooks": false,
        "hasAfterHooks": false,
        "hasTests": false,
        "hasSuites": true,
        "totalTests": 0,
        "totalPasses": 0,
        "totalFailures": 0,
        "totalPending": 0,
        "totalSkipped": 0,
        "hasPasses": false,
        "hasFailures": false,
        "hasPending": false,
        "hasSkipped": false,
        "duration": 0,
        "rootEmpty": false
      },
      {
        "title": "isNumber：检查字符串是否是数字",
        "suites": [
          {
            "title": "字符串",
            "suites": [],
            "tests": [
              {
                "title": "should return false",
                "fullTitle": "isNumber：检查字符串是否是数字 字符串 should return false",
                "timedOut": false,
                "duration": 1,
                "state": "passed",
                "speed": "fast",
                "pass": true,
                "fail": false,
                "pending": false,
                "code": "expect(_index2.default.myRegExp.isNumber('hello')).to.eq(false);",
                "err": {},
                "isRoot": false,
                "uuid": "e5b8fa45-2068-4ad6-94a4-32fe3a6eba98",
                "parentUUID": "3cdc23de-6f90-4b49-94f7-d6ee2ca21c0f",
                "isHook": false,
                "skipped": false
              }
            ],
            "pending": [],
            "root": false,
            "_timeout": 2000,
            "file": "\\test\\utils.js",
            "uuid": "3cdc23de-6f90-4b49-94f7-d6ee2ca21c0f",
            "beforeHooks": [],
            "afterHooks": [],
            "fullFile": "G:\\aegis\\aegis_utils\\test\\utils.js",
            "passes": [
              {
                "title": "should return false",
                "fullTitle": "isNumber：检查字符串是否是数字 字符串 should return false",
                "timedOut": false,
                "duration": 1,
                "state": "passed",
                "speed": "fast",
                "pass": true,
                "fail": false,
                "pending": false,
                "code": "expect(_index2.default.myRegExp.isNumber('hello')).to.eq(false);",
                "err": {},
                "isRoot": false,
                "uuid": "e5b8fa45-2068-4ad6-94a4-32fe3a6eba98",
                "parentUUID": "3cdc23de-6f90-4b49-94f7-d6ee2ca21c0f",
                "isHook": false,
                "skipped": false
              }
            ],
            "failures": [],
            "skipped": [],
            "hasBeforeHooks": false,
            "hasAfterHooks": false,
            "hasTests": true,
            "hasSuites": false,
            "totalTests": 1,
            "totalPasses": 1,
            "totalFailures": 0,
            "totalPending": 0,
            "totalSkipped": 0,
            "hasPasses": true,
            "hasFailures": false,
            "hasPending": false,
            "hasSkipped": false,
            "duration": 1,
            "rootEmpty": false
          },
          {
            "title": "数字",
            "suites": [],
            "tests": [
              {
                "title": "should return true",
                "fullTitle": "isNumber：检查字符串是否是数字 数字 should return true",
                "timedOut": false,
                "duration": 1,
                "state": "passed",
                "speed": "fast",
                "pass": true,
                "fail": false,
                "pending": false,
                "code": "expect(_index2.default.myRegExp.isNumber(1002)).to.eq(true);",
                "err": {},
                "isRoot": false,
                "uuid": "2cdde3be-03b7-46b9-a488-c2e7390606ae",
                "parentUUID": "cda9aaa9-bc61-4e34-aff9-7b8220083dc9",
                "isHook": false,
                "skipped": false
              }
            ],
            "pending": [],
            "root": false,
            "_timeout": 2000,
            "file": "\\test\\utils.js",
            "uuid": "cda9aaa9-bc61-4e34-aff9-7b8220083dc9",
            "beforeHooks": [],
            "afterHooks": [],
            "fullFile": "G:\\aegis\\aegis_utils\\test\\utils.js",
            "passes": [
              {
                "title": "should return true",
                "fullTitle": "isNumber：检查字符串是否是数字 数字 should return true",
                "timedOut": false,
                "duration": 1,
                "state": "passed",
                "speed": "fast",
                "pass": true,
                "fail": false,
                "pending": false,
                "code": "expect(_index2.default.myRegExp.isNumber(1002)).to.eq(true);",
                "err": {},
                "isRoot": false,
                "uuid": "2cdde3be-03b7-46b9-a488-c2e7390606ae",
                "parentUUID": "cda9aaa9-bc61-4e34-aff9-7b8220083dc9",
                "isHook": false,
                "skipped": false
              }
            ],
            "failures": [],
            "skipped": [],
            "hasBeforeHooks": false,
            "hasAfterHooks": false,
            "hasTests": true,
            "hasSuites": false,
            "totalTests": 1,
            "totalPasses": 1,
            "totalFailures": 0,
            "totalPending": 0,
            "totalSkipped": 0,
            "hasPasses": true,
            "hasFailures": false,
            "hasPending": false,
            "hasSkipped": false,
            "duration": 1,
            "rootEmpty": false
          },
          {
            "title": "字符串数字",
            "suites": [],
            "tests": [
              {
                "title": "should return false",
                "fullTitle": "isNumber：检查字符串是否是数字 字符串数字 should return false",
                "timedOut": false,
                "duration": 0,
                "state": "passed",
                "speed": "fast",
                "pass": true,
                "fail": false,
                "pending": false,
                "code": "expect(_index2.default.myRegExp.isNumber('1002')).to.eq(true);",
                "err": {},
                "isRoot": false,
                "uuid": "61e3d679-1f8c-4e69-872f-f8a8a779d0ce",
                "parentUUID": "259dda27-8ef1-4324-8e18-87404af7fe86",
                "isHook": false,
                "skipped": false
              }
            ],
            "pending": [],
            "root": false,
            "_timeout": 2000,
            "file": "\\test\\utils.js",
            "uuid": "259dda27-8ef1-4324-8e18-87404af7fe86",
            "beforeHooks": [],
            "afterHooks": [],
            "fullFile": "G:\\aegis\\aegis_utils\\test\\utils.js",
            "passes": [
              {
                "title": "should return false",
                "fullTitle": "isNumber：检查字符串是否是数字 字符串数字 should return false",
                "timedOut": false,
                "duration": 0,
                "state": "passed",
                "speed": "fast",
                "pass": true,
                "fail": false,
                "pending": false,
                "code": "expect(_index2.default.myRegExp.isNumber('1002')).to.eq(true);",
                "err": {},
                "isRoot": false,
                "uuid": "61e3d679-1f8c-4e69-872f-f8a8a779d0ce",
                "parentUUID": "259dda27-8ef1-4324-8e18-87404af7fe86",
                "isHook": false,
                "skipped": false
              }
            ],
            "failures": [],
            "skipped": [],
            "hasBeforeHooks": false,
            "hasAfterHooks": false,
            "hasTests": true,
            "hasSuites": false,
            "totalTests": 1,
            "totalPasses": 1,
            "totalFailures": 0,
            "totalPending": 0,
            "totalSkipped": 0,
            "hasPasses": true,
            "hasFailures": false,
            "hasPending": false,
            "hasSkipped": false,
            "duration": 0,
            "rootEmpty": false
          },
          {
            "title": "进制数",
            "suites": [],
            "tests": [
              {
                "title": "should return true",
                "fullTitle": "isNumber：检查字符串是否是数字 进制数 should return true",
                "timedOut": false,
                "duration": 0,
                "state": "passed",
                "speed": "fast",
                "pass": true,
                "fail": false,
                "pending": false,
                "code": "expect(_index2.default.myRegExp.isNumber(0x80)).to.eq(true);",
                "err": {},
                "isRoot": false,
                "uuid": "bef13263-619e-46d4-b248-8fdf0a9fc8cc",
                "parentUUID": "18723938-4958-4e2f-9238-b3e59df33291",
                "isHook": false,
                "skipped": false
              }
            ],
            "pending": [],
            "root": false,
            "_timeout": 2000,
            "file": "\\test\\utils.js",
            "uuid": "18723938-4958-4e2f-9238-b3e59df33291",
            "beforeHooks": [],
            "afterHooks": [],
            "fullFile": "G:\\aegis\\aegis_utils\\test\\utils.js",
            "passes": [
              {
                "title": "should return true",
                "fullTitle": "isNumber：检查字符串是否是数字 进制数 should return true",
                "timedOut": false,
                "duration": 0,
                "state": "passed",
                "speed": "fast",
                "pass": true,
                "fail": false,
                "pending": false,
                "code": "expect(_index2.default.myRegExp.isNumber(0x80)).to.eq(true);",
                "err": {},
                "isRoot": false,
                "uuid": "bef13263-619e-46d4-b248-8fdf0a9fc8cc",
                "parentUUID": "18723938-4958-4e2f-9238-b3e59df33291",
                "isHook": false,
                "skipped": false
              }
            ],
            "failures": [],
            "skipped": [],
            "hasBeforeHooks": false,
            "hasAfterHooks": false,
            "hasTests": true,
            "hasSuites": false,
            "totalTests": 1,
            "totalPasses": 1,
            "totalFailures": 0,
            "totalPending": 0,
            "totalSkipped": 0,
            "hasPasses": true,
            "hasFailures": false,
            "hasPending": false,
            "hasSkipped": false,
            "duration": 0,
            "rootEmpty": false
          },
          {
            "title": "NaN",
            "suites": [],
            "tests": [
              {
                "title": "should return false",
                "fullTitle": "isNumber：检查字符串是否是数字 NaN should return false",
                "timedOut": false,
                "duration": 0,
                "state": "passed",
                "speed": "fast",
                "pass": true,
                "fail": false,
                "pending": false,
                "code": "expect(_index2.default.myRegExp.isNumber(NaN)).to.eq(false);",
                "err": {},
                "isRoot": false,
                "uuid": "7c0a4747-f16f-458f-a795-de49b6ae2918",
                "parentUUID": "162e465a-70ad-49a0-9f6d-e5cdfef13f79",
                "isHook": false,
                "skipped": false
              }
            ],
            "pending": [],
            "root": false,
            "_timeout": 2000,
            "file": "\\test\\utils.js",
            "uuid": "162e465a-70ad-49a0-9f6d-e5cdfef13f79",
            "beforeHooks": [],
            "afterHooks": [],
            "fullFile": "G:\\aegis\\aegis_utils\\test\\utils.js",
            "passes": [
              {
                "title": "should return false",
                "fullTitle": "isNumber：检查字符串是否是数字 NaN should return false",
                "timedOut": false,
                "duration": 0,
                "state": "passed",
                "speed": "fast",
                "pass": true,
                "fail": false,
                "pending": false,
                "code": "expect(_index2.default.myRegExp.isNumber(NaN)).to.eq(false);",
                "err": {},
                "isRoot": false,
                "uuid": "7c0a4747-f16f-458f-a795-de49b6ae2918",
                "parentUUID": "162e465a-70ad-49a0-9f6d-e5cdfef13f79",
                "isHook": false,
                "skipped": false
              }
            ],
            "failures": [],
            "skipped": [],
            "hasBeforeHooks": false,
            "hasAfterHooks": false,
            "hasTests": true,
            "hasSuites": false,
            "totalTests": 1,
            "totalPasses": 1,
            "totalFailures": 0,
            "totalPending": 0,
            "totalSkipped": 0,
            "hasPasses": true,
            "hasFailures": false,
            "hasPending": false,
            "hasSkipped": false,
            "duration": 0,
            "rootEmpty": false
          }
        ],
        "tests": [],
        "pending": [],
        "root": false,
        "_timeout": 2000,
        "file": "\\test\\utils.js",
        "uuid": "70f0133f-bc81-438c-923b-467a3175d001",
        "beforeHooks": [],
        "afterHooks": [],
        "fullFile": "G:\\aegis\\aegis_utils\\test\\utils.js",
        "passes": [],
        "failures": [],
        "skipped": [],
        "hasBeforeHooks": false,
        "hasAfterHooks": false,
        "hasTests": false,
        "hasSuites": true,
        "totalTests": 0,
        "totalPasses": 0,
        "totalFailures": 0,
        "totalPending": 0,
        "totalSkipped": 0,
        "hasPasses": false,
        "hasFailures": false,
        "hasPending": false,
        "hasSkipped": false,
        "duration": 0,
        "rootEmpty": false
      },
      {
        "title": "subList: 截取数组并返回下次截取的位置",
        "suites": [
          {
            "title": "per=0,curIndex=0",
            "suites": [],
            "tests": [
              {
                "title": "should return { nextList: [], nextIndex: 0 }",
                "fullTitle": "subList: 截取数组并返回下次截取的位置 per=0,curIndex=0 should return { nextList: [], nextIndex: 0 }",
                "timedOut": false,
                "duration": 0,
                "state": "passed",
                "speed": "fast",
                "pass": true,
                "fail": false,
                "pending": false,
                "code": "var curIndex = 0;\nvar per = 0;\nexpect(_index2.default.subList(list, curIndex, per).nextList.length).to.eq(0);\nexpect(_index2.default.subList(list, curIndex, per).nextIndex).to.eq(0);",
                "err": {},
                "isRoot": false,
                "uuid": "caa79a44-eacc-47ac-ae0b-e22ad76ee918",
                "parentUUID": "957477f9-8def-440f-b754-a436de007626",
                "isHook": false,
                "skipped": false
              }
            ],
            "pending": [],
            "root": false,
            "_timeout": 2000,
            "file": "\\test\\utils.js",
            "uuid": "957477f9-8def-440f-b754-a436de007626",
            "beforeHooks": [],
            "afterHooks": [],
            "fullFile": "G:\\aegis\\aegis_utils\\test\\utils.js",
            "passes": [
              {
                "title": "should return { nextList: [], nextIndex: 0 }",
                "fullTitle": "subList: 截取数组并返回下次截取的位置 per=0,curIndex=0 should return { nextList: [], nextIndex: 0 }",
                "timedOut": false,
                "duration": 0,
                "state": "passed",
                "speed": "fast",
                "pass": true,
                "fail": false,
                "pending": false,
                "code": "var curIndex = 0;\nvar per = 0;\nexpect(_index2.default.subList(list, curIndex, per).nextList.length).to.eq(0);\nexpect(_index2.default.subList(list, curIndex, per).nextIndex).to.eq(0);",
                "err": {},
                "isRoot": false,
                "uuid": "caa79a44-eacc-47ac-ae0b-e22ad76ee918",
                "parentUUID": "957477f9-8def-440f-b754-a436de007626",
                "isHook": false,
                "skipped": false
              }
            ],
            "failures": [],
            "skipped": [],
            "hasBeforeHooks": false,
            "hasAfterHooks": false,
            "hasTests": true,
            "hasSuites": false,
            "totalTests": 1,
            "totalPasses": 1,
            "totalFailures": 0,
            "totalPending": 0,
            "totalSkipped": 0,
            "hasPasses": true,
            "hasFailures": false,
            "hasPending": false,
            "hasSkipped": false,
            "duration": 0,
            "rootEmpty": false
          },
          {
            "title": "per=1,curIndex=-1",
            "suites": [],
            "tests": [
              {
                "title": "should return { nextList: [], nextIndex: 0 }",
                "fullTitle": "subList: 截取数组并返回下次截取的位置 per=1,curIndex=-1 should return { nextList: [], nextIndex: 0 }",
                "timedOut": false,
                "duration": 0,
                "state": "passed",
                "speed": "fast",
                "pass": true,
                "fail": false,
                "pending": false,
                "code": "var curIndex = -1;\nvar per = 1;\nexpect(_index2.default.subList(list, curIndex, per).nextList.length).to.eq(0);\nexpect(_index2.default.subList(list, curIndex, per).nextIndex).to.eq(0);",
                "err": {},
                "isRoot": false,
                "uuid": "911ce877-aa48-4b63-a7ef-f92aa9121586",
                "parentUUID": "8a39da6e-e978-475d-9531-c6c1346072be",
                "isHook": false,
                "skipped": false
              }
            ],
            "pending": [],
            "root": false,
            "_timeout": 2000,
            "file": "\\test\\utils.js",
            "uuid": "8a39da6e-e978-475d-9531-c6c1346072be",
            "beforeHooks": [],
            "afterHooks": [],
            "fullFile": "G:\\aegis\\aegis_utils\\test\\utils.js",
            "passes": [
              {
                "title": "should return { nextList: [], nextIndex: 0 }",
                "fullTitle": "subList: 截取数组并返回下次截取的位置 per=1,curIndex=-1 should return { nextList: [], nextIndex: 0 }",
                "timedOut": false,
                "duration": 0,
                "state": "passed",
                "speed": "fast",
                "pass": true,
                "fail": false,
                "pending": false,
                "code": "var curIndex = -1;\nvar per = 1;\nexpect(_index2.default.subList(list, curIndex, per).nextList.length).to.eq(0);\nexpect(_index2.default.subList(list, curIndex, per).nextIndex).to.eq(0);",
                "err": {},
                "isRoot": false,
                "uuid": "911ce877-aa48-4b63-a7ef-f92aa9121586",
                "parentUUID": "8a39da6e-e978-475d-9531-c6c1346072be",
                "isHook": false,
                "skipped": false
              }
            ],
            "failures": [],
            "skipped": [],
            "hasBeforeHooks": false,
            "hasAfterHooks": false,
            "hasTests": true,
            "hasSuites": false,
            "totalTests": 1,
            "totalPasses": 1,
            "totalFailures": 0,
            "totalPending": 0,
            "totalSkipped": 0,
            "hasPasses": true,
            "hasFailures": false,
            "hasPending": false,
            "hasSkipped": false,
            "duration": 0,
            "rootEmpty": false
          },
          {
            "title": "per=2,curIndex=0",
            "suites": [],
            "tests": [
              {
                "title": "should return { nextList: [1,2], nextIndex: 2 }",
                "fullTitle": "subList: 截取数组并返回下次截取的位置 per=2,curIndex=0 should return { nextList: [1,2], nextIndex: 2 }",
                "timedOut": false,
                "duration": 0,
                "state": "passed",
                "speed": "fast",
                "pass": true,
                "fail": false,
                "pending": false,
                "code": "var curIndex = 0;\nvar per = 2;\nexpect(_index2.default.subList(list, curIndex, per).nextList.length).to.eq(2);\nexpect(_index2.default.subList(list, curIndex, per).nextIndex).to.eq(2);",
                "err": {},
                "isRoot": false,
                "uuid": "88a987ea-f2b1-43e9-b5e1-768251fea549",
                "parentUUID": "083790ac-9c4c-4be0-b2bf-1d648c7916d3",
                "isHook": false,
                "skipped": false
              }
            ],
            "pending": [],
            "root": false,
            "_timeout": 2000,
            "file": "\\test\\utils.js",
            "uuid": "083790ac-9c4c-4be0-b2bf-1d648c7916d3",
            "beforeHooks": [],
            "afterHooks": [],
            "fullFile": "G:\\aegis\\aegis_utils\\test\\utils.js",
            "passes": [
              {
                "title": "should return { nextList: [1,2], nextIndex: 2 }",
                "fullTitle": "subList: 截取数组并返回下次截取的位置 per=2,curIndex=0 should return { nextList: [1,2], nextIndex: 2 }",
                "timedOut": false,
                "duration": 0,
                "state": "passed",
                "speed": "fast",
                "pass": true,
                "fail": false,
                "pending": false,
                "code": "var curIndex = 0;\nvar per = 2;\nexpect(_index2.default.subList(list, curIndex, per).nextList.length).to.eq(2);\nexpect(_index2.default.subList(list, curIndex, per).nextIndex).to.eq(2);",
                "err": {},
                "isRoot": false,
                "uuid": "88a987ea-f2b1-43e9-b5e1-768251fea549",
                "parentUUID": "083790ac-9c4c-4be0-b2bf-1d648c7916d3",
                "isHook": false,
                "skipped": false
              }
            ],
            "failures": [],
            "skipped": [],
            "hasBeforeHooks": false,
            "hasAfterHooks": false,
            "hasTests": true,
            "hasSuites": false,
            "totalTests": 1,
            "totalPasses": 1,
            "totalFailures": 0,
            "totalPending": 0,
            "totalSkipped": 0,
            "hasPasses": true,
            "hasFailures": false,
            "hasPending": false,
            "hasSkipped": false,
            "duration": 0,
            "rootEmpty": false
          },
          {
            "title": "per=2,curIndex=7",
            "suites": [],
            "tests": [
              {
                "title": "should return { nextList: [8], nextIndex: 0 }",
                "fullTitle": "subList: 截取数组并返回下次截取的位置 per=2,curIndex=7 should return { nextList: [8], nextIndex: 0 }",
                "timedOut": false,
                "duration": 0,
                "state": "passed",
                "speed": "fast",
                "pass": true,
                "fail": false,
                "pending": false,
                "code": "var curIndex = 7;\nvar per = 2;\nexpect(_index2.default.subList(list, curIndex, per).nextList.length).to.eq(1);\nexpect(_index2.default.subList(list, curIndex, per).nextIndex).to.eq(0);",
                "err": {},
                "isRoot": false,
                "uuid": "75819533-cbbb-4815-bd53-0add6a14a66d",
                "parentUUID": "f02615f2-d137-44be-bad3-ea3ddefc2c3f",
                "isHook": false,
                "skipped": false
              }
            ],
            "pending": [],
            "root": false,
            "_timeout": 2000,
            "file": "\\test\\utils.js",
            "uuid": "f02615f2-d137-44be-bad3-ea3ddefc2c3f",
            "beforeHooks": [],
            "afterHooks": [],
            "fullFile": "G:\\aegis\\aegis_utils\\test\\utils.js",
            "passes": [
              {
                "title": "should return { nextList: [8], nextIndex: 0 }",
                "fullTitle": "subList: 截取数组并返回下次截取的位置 per=2,curIndex=7 should return { nextList: [8], nextIndex: 0 }",
                "timedOut": false,
                "duration": 0,
                "state": "passed",
                "speed": "fast",
                "pass": true,
                "fail": false,
                "pending": false,
                "code": "var curIndex = 7;\nvar per = 2;\nexpect(_index2.default.subList(list, curIndex, per).nextList.length).to.eq(1);\nexpect(_index2.default.subList(list, curIndex, per).nextIndex).to.eq(0);",
                "err": {},
                "isRoot": false,
                "uuid": "75819533-cbbb-4815-bd53-0add6a14a66d",
                "parentUUID": "f02615f2-d137-44be-bad3-ea3ddefc2c3f",
                "isHook": false,
                "skipped": false
              }
            ],
            "failures": [],
            "skipped": [],
            "hasBeforeHooks": false,
            "hasAfterHooks": false,
            "hasTests": true,
            "hasSuites": false,
            "totalTests": 1,
            "totalPasses": 1,
            "totalFailures": 0,
            "totalPending": 0,
            "totalSkipped": 0,
            "hasPasses": true,
            "hasFailures": false,
            "hasPending": false,
            "hasSkipped": false,
            "duration": 0,
            "rootEmpty": false
          }
        ],
        "tests": [],
        "pending": [],
        "root": false,
        "_timeout": 2000,
        "file": "\\test\\utils.js",
        "uuid": "0063cdc8-24ff-4e15-ae44-627d27657dd9",
        "beforeHooks": [],
        "afterHooks": [],
        "fullFile": "G:\\aegis\\aegis_utils\\test\\utils.js",
        "passes": [],
        "failures": [],
        "skipped": [],
        "hasBeforeHooks": false,
        "hasAfterHooks": false,
        "hasTests": false,
        "hasSuites": true,
        "totalTests": 0,
        "totalPasses": 0,
        "totalFailures": 0,
        "totalPending": 0,
        "totalSkipped": 0,
        "hasPasses": false,
        "hasFailures": false,
        "hasPending": false,
        "hasSkipped": false,
        "duration": 0,
        "rootEmpty": false
      },
      {
        "title": "trim:去除空格  type 1-所有空格  2-前后空格  3-前空格 4-后空格",
        "suites": [
          {
            "title": "所有空格",
            "suites": [],
            "tests": [
              {
                "title": "should return \"hello\"",
                "fullTitle": "trim:去除空格  type 1-所有空格  2-前后空格  3-前空格 4-后空格 所有空格 should return \"hello\"",
                "timedOut": false,
                "duration": 1,
                "state": "passed",
                "speed": "fast",
                "pass": true,
                "fail": false,
                "pending": false,
                "code": "expect(_index2.default.trim('  hel lo ', 1)).to.eq('hello');",
                "err": {},
                "isRoot": false,
                "uuid": "ddf82759-d152-471e-856f-dbdfae009434",
                "parentUUID": "3f755312-4861-42c2-bba4-f4fe1860e24c",
                "isHook": false,
                "skipped": false
              }
            ],
            "pending": [],
            "root": false,
            "_timeout": 2000,
            "file": "\\test\\utils.js",
            "uuid": "3f755312-4861-42c2-bba4-f4fe1860e24c",
            "beforeHooks": [],
            "afterHooks": [],
            "fullFile": "G:\\aegis\\aegis_utils\\test\\utils.js",
            "passes": [
              {
                "title": "should return \"hello\"",
                "fullTitle": "trim:去除空格  type 1-所有空格  2-前后空格  3-前空格 4-后空格 所有空格 should return \"hello\"",
                "timedOut": false,
                "duration": 1,
                "state": "passed",
                "speed": "fast",
                "pass": true,
                "fail": false,
                "pending": false,
                "code": "expect(_index2.default.trim('  hel lo ', 1)).to.eq('hello');",
                "err": {},
                "isRoot": false,
                "uuid": "ddf82759-d152-471e-856f-dbdfae009434",
                "parentUUID": "3f755312-4861-42c2-bba4-f4fe1860e24c",
                "isHook": false,
                "skipped": false
              }
            ],
            "failures": [],
            "skipped": [],
            "hasBeforeHooks": false,
            "hasAfterHooks": false,
            "hasTests": true,
            "hasSuites": false,
            "totalTests": 1,
            "totalPasses": 1,
            "totalFailures": 0,
            "totalPending": 0,
            "totalSkipped": 0,
            "hasPasses": true,
            "hasFailures": false,
            "hasPending": false,
            "hasSkipped": false,
            "duration": 1,
            "rootEmpty": false
          },
          {
            "title": "前后空格",
            "suites": [],
            "tests": [
              {
                "title": "should return \"he  llo\"",
                "fullTitle": "trim:去除空格  type 1-所有空格  2-前后空格  3-前空格 4-后空格 前后空格 should return \"he  llo\"",
                "timedOut": false,
                "duration": 0,
                "state": "passed",
                "speed": "fast",
                "pass": true,
                "fail": false,
                "pending": false,
                "code": "expect(_index2.default.trim(' he  llo ', 2)).to.eq('he  llo');",
                "err": {},
                "isRoot": false,
                "uuid": "3f9540a3-4c6a-49d0-b69f-8eca4f773359",
                "parentUUID": "0906abe4-4843-4165-8d83-c786cacb77c7",
                "isHook": false,
                "skipped": false
              }
            ],
            "pending": [],
            "root": false,
            "_timeout": 2000,
            "file": "\\test\\utils.js",
            "uuid": "0906abe4-4843-4165-8d83-c786cacb77c7",
            "beforeHooks": [],
            "afterHooks": [],
            "fullFile": "G:\\aegis\\aegis_utils\\test\\utils.js",
            "passes": [
              {
                "title": "should return \"he  llo\"",
                "fullTitle": "trim:去除空格  type 1-所有空格  2-前后空格  3-前空格 4-后空格 前后空格 should return \"he  llo\"",
                "timedOut": false,
                "duration": 0,
                "state": "passed",
                "speed": "fast",
                "pass": true,
                "fail": false,
                "pending": false,
                "code": "expect(_index2.default.trim(' he  llo ', 2)).to.eq('he  llo');",
                "err": {},
                "isRoot": false,
                "uuid": "3f9540a3-4c6a-49d0-b69f-8eca4f773359",
                "parentUUID": "0906abe4-4843-4165-8d83-c786cacb77c7",
                "isHook": false,
                "skipped": false
              }
            ],
            "failures": [],
            "skipped": [],
            "hasBeforeHooks": false,
            "hasAfterHooks": false,
            "hasTests": true,
            "hasSuites": false,
            "totalTests": 1,
            "totalPasses": 1,
            "totalFailures": 0,
            "totalPending": 0,
            "totalSkipped": 0,
            "hasPasses": true,
            "hasFailures": false,
            "hasPending": false,
            "hasSkipped": false,
            "duration": 0,
            "rootEmpty": false
          },
          {
            "title": "前空格",
            "suites": [],
            "tests": [
              {
                "title": "should return \"he  llo\"",
                "fullTitle": "trim:去除空格  type 1-所有空格  2-前后空格  3-前空格 4-后空格 前空格 should return \"he  llo\"",
                "timedOut": false,
                "duration": 0,
                "state": "passed",
                "speed": "fast",
                "pass": true,
                "fail": false,
                "pending": false,
                "code": "expect(_index2.default.trim(' he  llo', 3)).to.eq('he  llo');",
                "err": {},
                "isRoot": false,
                "uuid": "be7eb5fa-05d1-4835-bbbd-3df5f184ebf3",
                "parentUUID": "df429591-9caf-4221-8cf7-6d52a13d178b",
                "isHook": false,
                "skipped": false
              }
            ],
            "pending": [],
            "root": false,
            "_timeout": 2000,
            "file": "\\test\\utils.js",
            "uuid": "df429591-9caf-4221-8cf7-6d52a13d178b",
            "beforeHooks": [],
            "afterHooks": [],
            "fullFile": "G:\\aegis\\aegis_utils\\test\\utils.js",
            "passes": [
              {
                "title": "should return \"he  llo\"",
                "fullTitle": "trim:去除空格  type 1-所有空格  2-前后空格  3-前空格 4-后空格 前空格 should return \"he  llo\"",
                "timedOut": false,
                "duration": 0,
                "state": "passed",
                "speed": "fast",
                "pass": true,
                "fail": false,
                "pending": false,
                "code": "expect(_index2.default.trim(' he  llo', 3)).to.eq('he  llo');",
                "err": {},
                "isRoot": false,
                "uuid": "be7eb5fa-05d1-4835-bbbd-3df5f184ebf3",
                "parentUUID": "df429591-9caf-4221-8cf7-6d52a13d178b",
                "isHook": false,
                "skipped": false
              }
            ],
            "failures": [],
            "skipped": [],
            "hasBeforeHooks": false,
            "hasAfterHooks": false,
            "hasTests": true,
            "hasSuites": false,
            "totalTests": 1,
            "totalPasses": 1,
            "totalFailures": 0,
            "totalPending": 0,
            "totalSkipped": 0,
            "hasPasses": true,
            "hasFailures": false,
            "hasPending": false,
            "hasSkipped": false,
            "duration": 0,
            "rootEmpty": false
          },
          {
            "title": "后空格",
            "suites": [],
            "tests": [
              {
                "title": "should return \"he  llo\"",
                "fullTitle": "trim:去除空格  type 1-所有空格  2-前后空格  3-前空格 4-后空格 后空格 should return \"he  llo\"",
                "timedOut": false,
                "duration": 0,
                "state": "passed",
                "speed": "fast",
                "pass": true,
                "fail": false,
                "pending": false,
                "code": "expect(_index2.default.trim('he  llo ', 4)).to.eq('he  llo');",
                "err": {},
                "isRoot": false,
                "uuid": "8d215ccd-1b36-4b3d-8427-66459762dece",
                "parentUUID": "7c25eb21-4f11-4567-b505-e87f44978597",
                "isHook": false,
                "skipped": false
              }
            ],
            "pending": [],
            "root": false,
            "_timeout": 2000,
            "file": "\\test\\utils.js",
            "uuid": "7c25eb21-4f11-4567-b505-e87f44978597",
            "beforeHooks": [],
            "afterHooks": [],
            "fullFile": "G:\\aegis\\aegis_utils\\test\\utils.js",
            "passes": [
              {
                "title": "should return \"he  llo\"",
                "fullTitle": "trim:去除空格  type 1-所有空格  2-前后空格  3-前空格 4-后空格 后空格 should return \"he  llo\"",
                "timedOut": false,
                "duration": 0,
                "state": "passed",
                "speed": "fast",
                "pass": true,
                "fail": false,
                "pending": false,
                "code": "expect(_index2.default.trim('he  llo ', 4)).to.eq('he  llo');",
                "err": {},
                "isRoot": false,
                "uuid": "8d215ccd-1b36-4b3d-8427-66459762dece",
                "parentUUID": "7c25eb21-4f11-4567-b505-e87f44978597",
                "isHook": false,
                "skipped": false
              }
            ],
            "failures": [],
            "skipped": [],
            "hasBeforeHooks": false,
            "hasAfterHooks": false,
            "hasTests": true,
            "hasSuites": false,
            "totalTests": 1,
            "totalPasses": 1,
            "totalFailures": 0,
            "totalPending": 0,
            "totalSkipped": 0,
            "hasPasses": true,
            "hasFailures": false,
            "hasPending": false,
            "hasSkipped": false,
            "duration": 0,
            "rootEmpty": false
          }
        ],
        "tests": [],
        "pending": [],
        "root": false,
        "_timeout": 2000,
        "file": "\\test\\utils.js",
        "uuid": "6f82bea3-5b50-4ae6-9ed4-8270cf3f0c9b",
        "beforeHooks": [],
        "afterHooks": [],
        "fullFile": "G:\\aegis\\aegis_utils\\test\\utils.js",
        "passes": [],
        "failures": [],
        "skipped": [],
        "hasBeforeHooks": false,
        "hasAfterHooks": false,
        "hasTests": false,
        "hasSuites": true,
        "totalTests": 0,
        "totalPasses": 0,
        "totalFailures": 0,
        "totalPending": 0,
        "totalSkipped": 0,
        "hasPasses": false,
        "hasFailures": false,
        "hasPending": false,
        "hasSkipped": false,
        "duration": 0,
        "rootEmpty": false
      },
      {
        "title": "replaceAll:替换所有字符",
        "suites": [
          {
            "title": "替换字符",
            "suites": [],
            "tests": [
              {
                "title": "should return heLLo worLd",
                "fullTitle": "replaceAll:替换所有字符 替换字符 should return heLLo worLd",
                "timedOut": false,
                "duration": 1,
                "state": "passed",
                "speed": "fast",
                "pass": true,
                "fail": false,
                "pending": false,
                "code": "expect(_index2.default.replaceAll('hello world', 'l', 'L')).to.eq('heLLo worLd');",
                "err": {},
                "isRoot": false,
                "uuid": "f180c328-bbdc-4f8b-a023-68f8ec4a08cc",
                "parentUUID": "4db1245b-c00c-4396-a443-8da8c1143213",
                "isHook": false,
                "skipped": false
              }
            ],
            "pending": [],
            "root": false,
            "_timeout": 2000,
            "file": "\\test\\utils.js",
            "uuid": "4db1245b-c00c-4396-a443-8da8c1143213",
            "beforeHooks": [],
            "afterHooks": [],
            "fullFile": "G:\\aegis\\aegis_utils\\test\\utils.js",
            "passes": [
              {
                "title": "should return heLLo worLd",
                "fullTitle": "replaceAll:替换所有字符 替换字符 should return heLLo worLd",
                "timedOut": false,
                "duration": 1,
                "state": "passed",
                "speed": "fast",
                "pass": true,
                "fail": false,
                "pending": false,
                "code": "expect(_index2.default.replaceAll('hello world', 'l', 'L')).to.eq('heLLo worLd');",
                "err": {},
                "isRoot": false,
                "uuid": "f180c328-bbdc-4f8b-a023-68f8ec4a08cc",
                "parentUUID": "4db1245b-c00c-4396-a443-8da8c1143213",
                "isHook": false,
                "skipped": false
              }
            ],
            "failures": [],
            "skipped": [],
            "hasBeforeHooks": false,
            "hasAfterHooks": false,
            "hasTests": true,
            "hasSuites": false,
            "totalTests": 1,
            "totalPasses": 1,
            "totalFailures": 0,
            "totalPending": 0,
            "totalSkipped": 0,
            "hasPasses": true,
            "hasFailures": false,
            "hasPending": false,
            "hasSkipped": false,
            "duration": 1,
            "rootEmpty": false
          },
          {
            "title": "替换数字",
            "suites": [],
            "tests": [
              {
                "title": "should return hello world",
                "fullTitle": "replaceAll:替换所有字符 替换数字 should return hello world",
                "timedOut": false,
                "duration": 0,
                "state": "passed",
                "speed": "fast",
                "pass": true,
                "fail": false,
                "pending": false,
                "code": "expect(_index2.default.replaceAll('hello 123', 123, 'world')).to.eq('hello world');",
                "err": {},
                "isRoot": false,
                "uuid": "3bfb386f-b455-40a3-950f-daf8576f8b20",
                "parentUUID": "db3ac62f-982e-4929-8c6a-48db0aeb10d0",
                "isHook": false,
                "skipped": false
              }
            ],
            "pending": [],
            "root": false,
            "_timeout": 2000,
            "file": "\\test\\utils.js",
            "uuid": "db3ac62f-982e-4929-8c6a-48db0aeb10d0",
            "beforeHooks": [],
            "afterHooks": [],
            "fullFile": "G:\\aegis\\aegis_utils\\test\\utils.js",
            "passes": [
              {
                "title": "should return hello world",
                "fullTitle": "replaceAll:替换所有字符 替换数字 should return hello world",
                "timedOut": false,
                "duration": 0,
                "state": "passed",
                "speed": "fast",
                "pass": true,
                "fail": false,
                "pending": false,
                "code": "expect(_index2.default.replaceAll('hello 123', 123, 'world')).to.eq('hello world');",
                "err": {},
                "isRoot": false,
                "uuid": "3bfb386f-b455-40a3-950f-daf8576f8b20",
                "parentUUID": "db3ac62f-982e-4929-8c6a-48db0aeb10d0",
                "isHook": false,
                "skipped": false
              }
            ],
            "failures": [],
            "skipped": [],
            "hasBeforeHooks": false,
            "hasAfterHooks": false,
            "hasTests": true,
            "hasSuites": false,
            "totalTests": 1,
            "totalPasses": 1,
            "totalFailures": 0,
            "totalPending": 0,
            "totalSkipped": 0,
            "hasPasses": true,
            "hasFailures": false,
            "hasPending": false,
            "hasSkipped": false,
            "duration": 0,
            "rootEmpty": false
          }
        ],
        "tests": [],
        "pending": [],
        "root": false,
        "_timeout": 2000,
        "file": "\\test\\utils.js",
        "uuid": "cf5ac87d-fe3b-4746-a3d2-ff9ac60dbd32",
        "beforeHooks": [],
        "afterHooks": [],
        "fullFile": "G:\\aegis\\aegis_utils\\test\\utils.js",
        "passes": [],
        "failures": [],
        "skipped": [],
        "hasBeforeHooks": false,
        "hasAfterHooks": false,
        "hasTests": false,
        "hasSuites": true,
        "totalTests": 0,
        "totalPasses": 0,
        "totalFailures": 0,
        "totalPending": 0,
        "totalSkipped": 0,
        "hasPasses": false,
        "hasFailures": false,
        "hasPending": false,
        "hasSkipped": false,
        "duration": 0,
        "rootEmpty": false
      },
      {
        "title": "countNum:找出字符串中字符数最多的那个字符,不包括空格",
        "suites": [
          {
            "title": "找出字符串中字符数最多的那个字符",
            "suites": [],
            "tests": [
              {
                "title": "should return l",
                "fullTitle": "countNum:找出字符串中字符数最多的那个字符,不包括空格 找出字符串中字符数最多的那个字符 should return l",
                "timedOut": false,
                "duration": 0,
                "state": "passed",
                "speed": "fast",
                "pass": true,
                "fail": false,
                "pending": false,
                "code": "expect(_index2.default.countNum('hello world')[0]).to.eq('l');",
                "err": {},
                "isRoot": false,
                "uuid": "98b68f7a-ba70-453b-aaf1-3b7dfb0757d9",
                "parentUUID": "9291ea9c-3380-4686-a2c3-9eaea7dae330",
                "isHook": false,
                "skipped": false
              }
            ],
            "pending": [],
            "root": false,
            "_timeout": 2000,
            "file": "\\test\\utils.js",
            "uuid": "9291ea9c-3380-4686-a2c3-9eaea7dae330",
            "beforeHooks": [],
            "afterHooks": [],
            "fullFile": "G:\\aegis\\aegis_utils\\test\\utils.js",
            "passes": [
              {
                "title": "should return l",
                "fullTitle": "countNum:找出字符串中字符数最多的那个字符,不包括空格 找出字符串中字符数最多的那个字符 should return l",
                "timedOut": false,
                "duration": 0,
                "state": "passed",
                "speed": "fast",
                "pass": true,
                "fail": false,
                "pending": false,
                "code": "expect(_index2.default.countNum('hello world')[0]).to.eq('l');",
                "err": {},
                "isRoot": false,
                "uuid": "98b68f7a-ba70-453b-aaf1-3b7dfb0757d9",
                "parentUUID": "9291ea9c-3380-4686-a2c3-9eaea7dae330",
                "isHook": false,
                "skipped": false
              }
            ],
            "failures": [],
            "skipped": [],
            "hasBeforeHooks": false,
            "hasAfterHooks": false,
            "hasTests": true,
            "hasSuites": false,
            "totalTests": 1,
            "totalPasses": 1,
            "totalFailures": 0,
            "totalPending": 0,
            "totalSkipped": 0,
            "hasPasses": true,
            "hasFailures": false,
            "hasPending": false,
            "hasSkipped": false,
            "duration": 0,
            "rootEmpty": false
          },
          {
            "title": "有相同个数的最多的字符串",
            "suites": [],
            "tests": [
              {
                "title": "should return 3",
                "fullTitle": "countNum:找出字符串中字符数最多的那个字符,不包括空格 有相同个数的最多的字符串 should return 3",
                "timedOut": false,
                "duration": 0,
                "state": "passed",
                "speed": "fast",
                "pass": true,
                "fail": false,
                "pending": false,
                "code": "expect(_index2.default.countNum('hh ee llo').length).to.eq(3);",
                "err": {},
                "isRoot": false,
                "uuid": "ac3dc3f3-2cd0-40b1-a455-36c8448cef04",
                "parentUUID": "f044bebc-7c02-4cc7-9484-7756abb7d4a5",
                "isHook": false,
                "skipped": false
              }
            ],
            "pending": [],
            "root": false,
            "_timeout": 2000,
            "file": "\\test\\utils.js",
            "uuid": "f044bebc-7c02-4cc7-9484-7756abb7d4a5",
            "beforeHooks": [],
            "afterHooks": [],
            "fullFile": "G:\\aegis\\aegis_utils\\test\\utils.js",
            "passes": [
              {
                "title": "should return 3",
                "fullTitle": "countNum:找出字符串中字符数最多的那个字符,不包括空格 有相同个数的最多的字符串 should return 3",
                "timedOut": false,
                "duration": 0,
                "state": "passed",
                "speed": "fast",
                "pass": true,
                "fail": false,
                "pending": false,
                "code": "expect(_index2.default.countNum('hh ee llo').length).to.eq(3);",
                "err": {},
                "isRoot": false,
                "uuid": "ac3dc3f3-2cd0-40b1-a455-36c8448cef04",
                "parentUUID": "f044bebc-7c02-4cc7-9484-7756abb7d4a5",
                "isHook": false,
                "skipped": false
              }
            ],
            "failures": [],
            "skipped": [],
            "hasBeforeHooks": false,
            "hasAfterHooks": false,
            "hasTests": true,
            "hasSuites": false,
            "totalTests": 1,
            "totalPasses": 1,
            "totalFailures": 0,
            "totalPending": 0,
            "totalSkipped": 0,
            "hasPasses": true,
            "hasFailures": false,
            "hasPending": false,
            "hasSkipped": false,
            "duration": 0,
            "rootEmpty": false
          }
        ],
        "tests": [],
        "pending": [],
        "root": false,
        "_timeout": 2000,
        "file": "\\test\\utils.js",
        "uuid": "bd5db7ed-bd4f-4a3b-8c55-e01a8fd68033",
        "beforeHooks": [],
        "afterHooks": [],
        "fullFile": "G:\\aegis\\aegis_utils\\test\\utils.js",
        "passes": [],
        "failures": [],
        "skipped": [],
        "hasBeforeHooks": false,
        "hasAfterHooks": false,
        "hasTests": false,
        "hasSuites": true,
        "totalTests": 0,
        "totalPasses": 0,
        "totalFailures": 0,
        "totalPending": 0,
        "totalSkipped": 0,
        "hasPasses": false,
        "hasFailures": false,
        "hasPending": false,
        "hasSkipped": false,
        "duration": 0,
        "rootEmpty": false
      },
      {
        "title": "cutstr:字符串截取，汉字或者全角的话算2个字节",
        "suites": [
          {
            "title": "字符串截取8位,包含汉字",
            "suites": [],
            "tests": [
              {
                "title": "should return \"你好,h e...\"",
                "fullTitle": "cutstr:字符串截取，汉字或者全角的话算2个字节 字符串截取8位,包含汉字 should return \"你好,h e...\"",
                "timedOut": false,
                "duration": 1,
                "state": "passed",
                "speed": "fast",
                "pass": true,
                "fail": false,
                "pending": false,
                "code": "expect(_index2.default.cutstr('你好,h ello', 8)).to.eq('你好,h e...');",
                "err": {},
                "isRoot": false,
                "uuid": "7ce2b93c-f828-42fc-96de-22f70b44a078",
                "parentUUID": "44c8bb36-b6fe-45e1-bb7c-7b2b30618731",
                "isHook": false,
                "skipped": false
              }
            ],
            "pending": [],
            "root": false,
            "_timeout": 2000,
            "file": "\\test\\utils.js",
            "uuid": "44c8bb36-b6fe-45e1-bb7c-7b2b30618731",
            "beforeHooks": [],
            "afterHooks": [],
            "fullFile": "G:\\aegis\\aegis_utils\\test\\utils.js",
            "passes": [
              {
                "title": "should return \"你好,h e...\"",
                "fullTitle": "cutstr:字符串截取，汉字或者全角的话算2个字节 字符串截取8位,包含汉字 should return \"你好,h e...\"",
                "timedOut": false,
                "duration": 1,
                "state": "passed",
                "speed": "fast",
                "pass": true,
                "fail": false,
                "pending": false,
                "code": "expect(_index2.default.cutstr('你好,h ello', 8)).to.eq('你好,h e...');",
                "err": {},
                "isRoot": false,
                "uuid": "7ce2b93c-f828-42fc-96de-22f70b44a078",
                "parentUUID": "44c8bb36-b6fe-45e1-bb7c-7b2b30618731",
                "isHook": false,
                "skipped": false
              }
            ],
            "failures": [],
            "skipped": [],
            "hasBeforeHooks": false,
            "hasAfterHooks": false,
            "hasTests": true,
            "hasSuites": false,
            "totalTests": 1,
            "totalPasses": 1,
            "totalFailures": 0,
            "totalPending": 0,
            "totalSkipped": 0,
            "hasPasses": true,
            "hasFailures": false,
            "hasPending": false,
            "hasSkipped": false,
            "duration": 1,
            "rootEmpty": false
          },
          {
            "title": "字符串截取8位,不包含汉字",
            "suites": [],
            "tests": [
              {
                "title": "should return \"hello wo...\"",
                "fullTitle": "cutstr:字符串截取，汉字或者全角的话算2个字节 字符串截取8位,不包含汉字 should return \"hello wo...\"",
                "timedOut": false,
                "duration": 0,
                "state": "passed",
                "speed": "fast",
                "pass": true,
                "fail": false,
                "pending": false,
                "code": "expect(_index2.default.cutstr('hello world', 8)).to.eq('hello wo...');",
                "err": {},
                "isRoot": false,
                "uuid": "6cb4b55e-cc45-487f-aa05-936f921c8242",
                "parentUUID": "56594979-86de-4700-af43-0bbf5e7824bb",
                "isHook": false,
                "skipped": false
              }
            ],
            "pending": [],
            "root": false,
            "_timeout": 2000,
            "file": "\\test\\utils.js",
            "uuid": "56594979-86de-4700-af43-0bbf5e7824bb",
            "beforeHooks": [],
            "afterHooks": [],
            "fullFile": "G:\\aegis\\aegis_utils\\test\\utils.js",
            "passes": [
              {
                "title": "should return \"hello wo...\"",
                "fullTitle": "cutstr:字符串截取，汉字或者全角的话算2个字节 字符串截取8位,不包含汉字 should return \"hello wo...\"",
                "timedOut": false,
                "duration": 0,
                "state": "passed",
                "speed": "fast",
                "pass": true,
                "fail": false,
                "pending": false,
                "code": "expect(_index2.default.cutstr('hello world', 8)).to.eq('hello wo...');",
                "err": {},
                "isRoot": false,
                "uuid": "6cb4b55e-cc45-487f-aa05-936f921c8242",
                "parentUUID": "56594979-86de-4700-af43-0bbf5e7824bb",
                "isHook": false,
                "skipped": false
              }
            ],
            "failures": [],
            "skipped": [],
            "hasBeforeHooks": false,
            "hasAfterHooks": false,
            "hasTests": true,
            "hasSuites": false,
            "totalTests": 1,
            "totalPasses": 1,
            "totalFailures": 0,
            "totalPending": 0,
            "totalSkipped": 0,
            "hasPasses": true,
            "hasFailures": false,
            "hasPending": false,
            "hasSkipped": false,
            "duration": 0,
            "rootEmpty": false
          }
        ],
        "tests": [],
        "pending": [],
        "root": false,
        "_timeout": 2000,
        "file": "\\test\\utils.js",
        "uuid": "f65cd6c4-5366-4502-a114-9393e5b56604",
        "beforeHooks": [],
        "afterHooks": [],
        "fullFile": "G:\\aegis\\aegis_utils\\test\\utils.js",
        "passes": [],
        "failures": [],
        "skipped": [],
        "hasBeforeHooks": false,
        "hasAfterHooks": false,
        "hasTests": false,
        "hasSuites": true,
        "totalTests": 0,
        "totalPasses": 0,
        "totalFailures": 0,
        "totalPending": 0,
        "totalSkipped": 0,
        "hasPasses": false,
        "hasFailures": false,
        "hasPending": false,
        "hasSkipped": false,
        "duration": 0,
        "rootEmpty": false
      }
    ],
    "tests": [],
    "pending": [],
    "root": true,
    "_timeout": 2000,
    "uuid": "2a7404b9-0ce8-493f-91aa-692c6906b678",
    "beforeHooks": [],
    "afterHooks": [],
    "fullFile": "",
    "file": "",
    "passes": [],
    "failures": [],
    "skipped": [],
    "hasBeforeHooks": false,
    "hasAfterHooks": false,
    "hasTests": false,
    "hasSuites": true,
    "totalTests": 0,
    "totalPasses": 0,
    "totalFailures": 0,
    "totalPending": 0,
    "totalSkipped": 0,
    "hasPasses": false,
    "hasFailures": false,
    "hasPending": false,
    "hasSkipped": false,
    "duration": 0,
    "rootEmpty": true
  },
  "allTests": [
    {
      "title": "should return 壹拾兆零贰佰亿元伍角陆分",
      "fullTitle": "大数字金额 should return 壹拾兆零贰佰亿元伍角陆分",
      "timedOut": false,
      "duration": 1,
      "state": "passed",
      "speed": "fast",
      "pass": true,
      "fail": false,
      "pending": false,
      "code": "expect(_index2.default.convertCurrency(10020000000000.56)).to.eq('壹拾兆零贰佰亿元伍角陆分');",
      "err": {},
      "isRoot": false,
      "uuid": "9da4e1af-3360-4324-8358-5c1d02e83f41",
      "parentUUID": "a0f3e1a5-5563-4fe1-a11a-c3ee1fdecec2",
      "isHook": false,
      "skipped": false
    },
    {
      "title": "should return 壹仟零贰元整",
      "fullTitle": "小数字金额 should return 壹仟零贰元整",
      "timedOut": false,
      "duration": 0,
      "state": "passed",
      "speed": "fast",
      "pass": true,
      "fail": false,
      "pending": false,
      "code": "expect(_index2.default.convertCurrency(1002)).to.eq('壹仟零贰元整');",
      "err": {},
      "isRoot": false,
      "uuid": "c5d37b79-a5ad-46d8-9084-5c25a24ae710",
      "parentUUID": "225fcf79-6c4a-47b1-bb61-72cdfc462217",
      "isHook": false,
      "skipped": false
    },
    {
      "title": "should return false",
      "fullTitle": "字符串 should return false",
      "timedOut": false,
      "duration": 1,
      "state": "passed",
      "speed": "fast",
      "pass": true,
      "fail": false,
      "pending": false,
      "code": "expect(_index2.default.myRegExp.isNumber('hello')).to.eq(false);",
      "err": {},
      "isRoot": false,
      "uuid": "e5b8fa45-2068-4ad6-94a4-32fe3a6eba98",
      "parentUUID": "3cdc23de-6f90-4b49-94f7-d6ee2ca21c0f",
      "isHook": false,
      "skipped": false
    },
    {
      "title": "should return true",
      "fullTitle": "数字 should return true",
      "timedOut": false,
      "duration": 1,
      "state": "passed",
      "speed": "fast",
      "pass": true,
      "fail": false,
      "pending": false,
      "code": "expect(_index2.default.myRegExp.isNumber(1002)).to.eq(true);",
      "err": {},
      "isRoot": false,
      "uuid": "2cdde3be-03b7-46b9-a488-c2e7390606ae",
      "parentUUID": "cda9aaa9-bc61-4e34-aff9-7b8220083dc9",
      "isHook": false,
      "skipped": false
    },
    {
      "title": "should return false",
      "fullTitle": "字符串数字 should return false",
      "timedOut": false,
      "duration": 0,
      "state": "passed",
      "speed": "fast",
      "pass": true,
      "fail": false,
      "pending": false,
      "code": "expect(_index2.default.myRegExp.isNumber('1002')).to.eq(true);",
      "err": {},
      "isRoot": false,
      "uuid": "61e3d679-1f8c-4e69-872f-f8a8a779d0ce",
      "parentUUID": "259dda27-8ef1-4324-8e18-87404af7fe86",
      "isHook": false,
      "skipped": false
    },
    {
      "title": "should return true",
      "fullTitle": "进制数 should return true",
      "timedOut": false,
      "duration": 0,
      "state": "passed",
      "speed": "fast",
      "pass": true,
      "fail": false,
      "pending": false,
      "code": "expect(_index2.default.myRegExp.isNumber(0x80)).to.eq(true);",
      "err": {},
      "isRoot": false,
      "uuid": "bef13263-619e-46d4-b248-8fdf0a9fc8cc",
      "parentUUID": "18723938-4958-4e2f-9238-b3e59df33291",
      "isHook": false,
      "skipped": false
    },
    {
      "title": "should return false",
      "fullTitle": "NaN should return false",
      "timedOut": false,
      "duration": 0,
      "state": "passed",
      "speed": "fast",
      "pass": true,
      "fail": false,
      "pending": false,
      "code": "expect(_index2.default.myRegExp.isNumber(NaN)).to.eq(false);",
      "err": {},
      "isRoot": false,
      "uuid": "7c0a4747-f16f-458f-a795-de49b6ae2918",
      "parentUUID": "162e465a-70ad-49a0-9f6d-e5cdfef13f79",
      "isHook": false,
      "skipped": false
    },
    {
      "title": "should return { nextList: [], nextIndex: 0 }",
      "fullTitle": "per=0,curIndex=0 should return { nextList: [], nextIndex: 0 }",
      "timedOut": false,
      "duration": 0,
      "state": "passed",
      "speed": "fast",
      "pass": true,
      "fail": false,
      "pending": false,
      "code": "var curIndex = 0;\nvar per = 0;\nexpect(_index2.default.subList(list, curIndex, per).nextList.length).to.eq(0);\nexpect(_index2.default.subList(list, curIndex, per).nextIndex).to.eq(0);",
      "err": {},
      "isRoot": false,
      "uuid": "caa79a44-eacc-47ac-ae0b-e22ad76ee918",
      "parentUUID": "957477f9-8def-440f-b754-a436de007626",
      "isHook": false,
      "skipped": false
    },
    {
      "title": "should return { nextList: [], nextIndex: 0 }",
      "fullTitle": "per=1,curIndex=-1 should return { nextList: [], nextIndex: 0 }",
      "timedOut": false,
      "duration": 0,
      "state": "passed",
      "speed": "fast",
      "pass": true,
      "fail": false,
      "pending": false,
      "code": "var curIndex = -1;\nvar per = 1;\nexpect(_index2.default.subList(list, curIndex, per).nextList.length).to.eq(0);\nexpect(_index2.default.subList(list, curIndex, per).nextIndex).to.eq(0);",
      "err": {},
      "isRoot": false,
      "uuid": "911ce877-aa48-4b63-a7ef-f92aa9121586",
      "parentUUID": "8a39da6e-e978-475d-9531-c6c1346072be",
      "isHook": false,
      "skipped": false
    },
    {
      "title": "should return { nextList: [1,2], nextIndex: 2 }",
      "fullTitle": "per=2,curIndex=0 should return { nextList: [1,2], nextIndex: 2 }",
      "timedOut": false,
      "duration": 0,
      "state": "passed",
      "speed": "fast",
      "pass": true,
      "fail": false,
      "pending": false,
      "code": "var curIndex = 0;\nvar per = 2;\nexpect(_index2.default.subList(list, curIndex, per).nextList.length).to.eq(2);\nexpect(_index2.default.subList(list, curIndex, per).nextIndex).to.eq(2);",
      "err": {},
      "isRoot": false,
      "uuid": "88a987ea-f2b1-43e9-b5e1-768251fea549",
      "parentUUID": "083790ac-9c4c-4be0-b2bf-1d648c7916d3",
      "isHook": false,
      "skipped": false
    },
    {
      "title": "should return { nextList: [8], nextIndex: 0 }",
      "fullTitle": "per=2,curIndex=7 should return { nextList: [8], nextIndex: 0 }",
      "timedOut": false,
      "duration": 0,
      "state": "passed",
      "speed": "fast",
      "pass": true,
      "fail": false,
      "pending": false,
      "code": "var curIndex = 7;\nvar per = 2;\nexpect(_index2.default.subList(list, curIndex, per).nextList.length).to.eq(1);\nexpect(_index2.default.subList(list, curIndex, per).nextIndex).to.eq(0);",
      "err": {},
      "isRoot": false,
      "uuid": "75819533-cbbb-4815-bd53-0add6a14a66d",
      "parentUUID": "f02615f2-d137-44be-bad3-ea3ddefc2c3f",
      "isHook": false,
      "skipped": false
    },
    {
      "title": "should return \"hello\"",
      "fullTitle": "所有空格 should return \"hello\"",
      "timedOut": false,
      "duration": 1,
      "state": "passed",
      "speed": "fast",
      "pass": true,
      "fail": false,
      "pending": false,
      "code": "expect(_index2.default.trim('  hel lo ', 1)).to.eq('hello');",
      "err": {},
      "isRoot": false,
      "uuid": "ddf82759-d152-471e-856f-dbdfae009434",
      "parentUUID": "3f755312-4861-42c2-bba4-f4fe1860e24c",
      "isHook": false,
      "skipped": false
    },
    {
      "title": "should return \"he  llo\"",
      "fullTitle": "前后空格 should return \"he  llo\"",
      "timedOut": false,
      "duration": 0,
      "state": "passed",
      "speed": "fast",
      "pass": true,
      "fail": false,
      "pending": false,
      "code": "expect(_index2.default.trim(' he  llo ', 2)).to.eq('he  llo');",
      "err": {},
      "isRoot": false,
      "uuid": "3f9540a3-4c6a-49d0-b69f-8eca4f773359",
      "parentUUID": "0906abe4-4843-4165-8d83-c786cacb77c7",
      "isHook": false,
      "skipped": false
    },
    {
      "title": "should return \"he  llo\"",
      "fullTitle": "前空格 should return \"he  llo\"",
      "timedOut": false,
      "duration": 0,
      "state": "passed",
      "speed": "fast",
      "pass": true,
      "fail": false,
      "pending": false,
      "code": "expect(_index2.default.trim(' he  llo', 3)).to.eq('he  llo');",
      "err": {},
      "isRoot": false,
      "uuid": "be7eb5fa-05d1-4835-bbbd-3df5f184ebf3",
      "parentUUID": "df429591-9caf-4221-8cf7-6d52a13d178b",
      "isHook": false,
      "skipped": false
    },
    {
      "title": "should return \"he  llo\"",
      "fullTitle": "后空格 should return \"he  llo\"",
      "timedOut": false,
      "duration": 0,
      "state": "passed",
      "speed": "fast",
      "pass": true,
      "fail": false,
      "pending": false,
      "code": "expect(_index2.default.trim('he  llo ', 4)).to.eq('he  llo');",
      "err": {},
      "isRoot": false,
      "uuid": "8d215ccd-1b36-4b3d-8427-66459762dece",
      "parentUUID": "7c25eb21-4f11-4567-b505-e87f44978597",
      "isHook": false,
      "skipped": false
    },
    {
      "title": "should return heLLo worLd",
      "fullTitle": "替换字符 should return heLLo worLd",
      "timedOut": false,
      "duration": 1,
      "state": "passed",
      "speed": "fast",
      "pass": true,
      "fail": false,
      "pending": false,
      "code": "expect(_index2.default.replaceAll('hello world', 'l', 'L')).to.eq('heLLo worLd');",
      "err": {},
      "isRoot": false,
      "uuid": "f180c328-bbdc-4f8b-a023-68f8ec4a08cc",
      "parentUUID": "4db1245b-c00c-4396-a443-8da8c1143213",
      "isHook": false,
      "skipped": false
    },
    {
      "title": "should return hello world",
      "fullTitle": "替换数字 should return hello world",
      "timedOut": false,
      "duration": 0,
      "state": "passed",
      "speed": "fast",
      "pass": true,
      "fail": false,
      "pending": false,
      "code": "expect(_index2.default.replaceAll('hello 123', 123, 'world')).to.eq('hello world');",
      "err": {},
      "isRoot": false,
      "uuid": "3bfb386f-b455-40a3-950f-daf8576f8b20",
      "parentUUID": "db3ac62f-982e-4929-8c6a-48db0aeb10d0",
      "isHook": false,
      "skipped": false
    },
    {
      "title": "should return l",
      "fullTitle": "找出字符串中字符数最多的那个字符 should return l",
      "timedOut": false,
      "duration": 0,
      "state": "passed",
      "speed": "fast",
      "pass": true,
      "fail": false,
      "pending": false,
      "code": "expect(_index2.default.countNum('hello world')[0]).to.eq('l');",
      "err": {},
      "isRoot": false,
      "uuid": "98b68f7a-ba70-453b-aaf1-3b7dfb0757d9",
      "parentUUID": "9291ea9c-3380-4686-a2c3-9eaea7dae330",
      "isHook": false,
      "skipped": false
    },
    {
      "title": "should return 3",
      "fullTitle": "有相同个数的最多的字符串 should return 3",
      "timedOut": false,
      "duration": 0,
      "state": "passed",
      "speed": "fast",
      "pass": true,
      "fail": false,
      "pending": false,
      "code": "expect(_index2.default.countNum('hh ee llo').length).to.eq(3);",
      "err": {},
      "isRoot": false,
      "uuid": "ac3dc3f3-2cd0-40b1-a455-36c8448cef04",
      "parentUUID": "f044bebc-7c02-4cc7-9484-7756abb7d4a5",
      "isHook": false,
      "skipped": false
    },
    {
      "title": "should return \"你好,h e...\"",
      "fullTitle": "字符串截取8位,包含汉字 should return \"你好,h e...\"",
      "timedOut": false,
      "duration": 1,
      "state": "passed",
      "speed": "fast",
      "pass": true,
      "fail": false,
      "pending": false,
      "code": "expect(_index2.default.cutstr('你好,h ello', 8)).to.eq('你好,h e...');",
      "err": {},
      "isRoot": false,
      "uuid": "7ce2b93c-f828-42fc-96de-22f70b44a078",
      "parentUUID": "44c8bb36-b6fe-45e1-bb7c-7b2b30618731",
      "isHook": false,
      "skipped": false
    },
    {
      "title": "should return \"hello wo...\"",
      "fullTitle": "字符串截取8位,不包含汉字 should return \"hello wo...\"",
      "timedOut": false,
      "duration": 0,
      "state": "passed",
      "speed": "fast",
      "pass": true,
      "fail": false,
      "pending": false,
      "code": "expect(_index2.default.cutstr('hello world', 8)).to.eq('hello wo...');",
      "err": {},
      "isRoot": false,
      "uuid": "6cb4b55e-cc45-487f-aa05-936f921c8242",
      "parentUUID": "56594979-86de-4700-af43-0bbf5e7824bb",
      "isHook": false,
      "skipped": false
    }
  ],
  "allPending": [],
  "allPasses": [
    {
      "title": "should return 壹拾兆零贰佰亿元伍角陆分",
      "fullTitle": "大数字金额 should return 壹拾兆零贰佰亿元伍角陆分",
      "timedOut": false,
      "duration": 1,
      "state": "passed",
      "speed": "fast",
      "pass": true,
      "fail": false,
      "pending": false,
      "code": "expect(_index2.default.convertCurrency(10020000000000.56)).to.eq('壹拾兆零贰佰亿元伍角陆分');",
      "err": {},
      "isRoot": false,
      "uuid": "9da4e1af-3360-4324-8358-5c1d02e83f41",
      "parentUUID": "a0f3e1a5-5563-4fe1-a11a-c3ee1fdecec2",
      "isHook": false,
      "skipped": false
    },
    {
      "title": "should return 壹仟零贰元整",
      "fullTitle": "小数字金额 should return 壹仟零贰元整",
      "timedOut": false,
      "duration": 0,
      "state": "passed",
      "speed": "fast",
      "pass": true,
      "fail": false,
      "pending": false,
      "code": "expect(_index2.default.convertCurrency(1002)).to.eq('壹仟零贰元整');",
      "err": {},
      "isRoot": false,
      "uuid": "c5d37b79-a5ad-46d8-9084-5c25a24ae710",
      "parentUUID": "225fcf79-6c4a-47b1-bb61-72cdfc462217",
      "isHook": false,
      "skipped": false
    },
    {
      "title": "should return false",
      "fullTitle": "字符串 should return false",
      "timedOut": false,
      "duration": 1,
      "state": "passed",
      "speed": "fast",
      "pass": true,
      "fail": false,
      "pending": false,
      "code": "expect(_index2.default.myRegExp.isNumber('hello')).to.eq(false);",
      "err": {},
      "isRoot": false,
      "uuid": "e5b8fa45-2068-4ad6-94a4-32fe3a6eba98",
      "parentUUID": "3cdc23de-6f90-4b49-94f7-d6ee2ca21c0f",
      "isHook": false,
      "skipped": false
    },
    {
      "title": "should return true",
      "fullTitle": "数字 should return true",
      "timedOut": false,
      "duration": 1,
      "state": "passed",
      "speed": "fast",
      "pass": true,
      "fail": false,
      "pending": false,
      "code": "expect(_index2.default.myRegExp.isNumber(1002)).to.eq(true);",
      "err": {},
      "isRoot": false,
      "uuid": "2cdde3be-03b7-46b9-a488-c2e7390606ae",
      "parentUUID": "cda9aaa9-bc61-4e34-aff9-7b8220083dc9",
      "isHook": false,
      "skipped": false
    },
    {
      "title": "should return false",
      "fullTitle": "字符串数字 should return false",
      "timedOut": false,
      "duration": 0,
      "state": "passed",
      "speed": "fast",
      "pass": true,
      "fail": false,
      "pending": false,
      "code": "expect(_index2.default.myRegExp.isNumber('1002')).to.eq(true);",
      "err": {},
      "isRoot": false,
      "uuid": "61e3d679-1f8c-4e69-872f-f8a8a779d0ce",
      "parentUUID": "259dda27-8ef1-4324-8e18-87404af7fe86",
      "isHook": false,
      "skipped": false
    },
    {
      "title": "should return true",
      "fullTitle": "进制数 should return true",
      "timedOut": false,
      "duration": 0,
      "state": "passed",
      "speed": "fast",
      "pass": true,
      "fail": false,
      "pending": false,
      "code": "expect(_index2.default.myRegExp.isNumber(0x80)).to.eq(true);",
      "err": {},
      "isRoot": false,
      "uuid": "bef13263-619e-46d4-b248-8fdf0a9fc8cc",
      "parentUUID": "18723938-4958-4e2f-9238-b3e59df33291",
      "isHook": false,
      "skipped": false
    },
    {
      "title": "should return false",
      "fullTitle": "NaN should return false",
      "timedOut": false,
      "duration": 0,
      "state": "passed",
      "speed": "fast",
      "pass": true,
      "fail": false,
      "pending": false,
      "code": "expect(_index2.default.myRegExp.isNumber(NaN)).to.eq(false);",
      "err": {},
      "isRoot": false,
      "uuid": "7c0a4747-f16f-458f-a795-de49b6ae2918",
      "parentUUID": "162e465a-70ad-49a0-9f6d-e5cdfef13f79",
      "isHook": false,
      "skipped": false
    },
    {
      "title": "should return { nextList: [], nextIndex: 0 }",
      "fullTitle": "per=0,curIndex=0 should return { nextList: [], nextIndex: 0 }",
      "timedOut": false,
      "duration": 0,
      "state": "passed",
      "speed": "fast",
      "pass": true,
      "fail": false,
      "pending": false,
      "code": "var curIndex = 0;\nvar per = 0;\nexpect(_index2.default.subList(list, curIndex, per).nextList.length).to.eq(0);\nexpect(_index2.default.subList(list, curIndex, per).nextIndex).to.eq(0);",
      "err": {},
      "isRoot": false,
      "uuid": "caa79a44-eacc-47ac-ae0b-e22ad76ee918",
      "parentUUID": "957477f9-8def-440f-b754-a436de007626",
      "isHook": false,
      "skipped": false
    },
    {
      "title": "should return { nextList: [], nextIndex: 0 }",
      "fullTitle": "per=1,curIndex=-1 should return { nextList: [], nextIndex: 0 }",
      "timedOut": false,
      "duration": 0,
      "state": "passed",
      "speed": "fast",
      "pass": true,
      "fail": false,
      "pending": false,
      "code": "var curIndex = -1;\nvar per = 1;\nexpect(_index2.default.subList(list, curIndex, per).nextList.length).to.eq(0);\nexpect(_index2.default.subList(list, curIndex, per).nextIndex).to.eq(0);",
      "err": {},
      "isRoot": false,
      "uuid": "911ce877-aa48-4b63-a7ef-f92aa9121586",
      "parentUUID": "8a39da6e-e978-475d-9531-c6c1346072be",
      "isHook": false,
      "skipped": false
    },
    {
      "title": "should return { nextList: [1,2], nextIndex: 2 }",
      "fullTitle": "per=2,curIndex=0 should return { nextList: [1,2], nextIndex: 2 }",
      "timedOut": false,
      "duration": 0,
      "state": "passed",
      "speed": "fast",
      "pass": true,
      "fail": false,
      "pending": false,
      "code": "var curIndex = 0;\nvar per = 2;\nexpect(_index2.default.subList(list, curIndex, per).nextList.length).to.eq(2);\nexpect(_index2.default.subList(list, curIndex, per).nextIndex).to.eq(2);",
      "err": {},
      "isRoot": false,
      "uuid": "88a987ea-f2b1-43e9-b5e1-768251fea549",
      "parentUUID": "083790ac-9c4c-4be0-b2bf-1d648c7916d3",
      "isHook": false,
      "skipped": false
    },
    {
      "title": "should return { nextList: [8], nextIndex: 0 }",
      "fullTitle": "per=2,curIndex=7 should return { nextList: [8], nextIndex: 0 }",
      "timedOut": false,
      "duration": 0,
      "state": "passed",
      "speed": "fast",
      "pass": true,
      "fail": false,
      "pending": false,
      "code": "var curIndex = 7;\nvar per = 2;\nexpect(_index2.default.subList(list, curIndex, per).nextList.length).to.eq(1);\nexpect(_index2.default.subList(list, curIndex, per).nextIndex).to.eq(0);",
      "err": {},
      "isRoot": false,
      "uuid": "75819533-cbbb-4815-bd53-0add6a14a66d",
      "parentUUID": "f02615f2-d137-44be-bad3-ea3ddefc2c3f",
      "isHook": false,
      "skipped": false
    },
    {
      "title": "should return \"hello\"",
      "fullTitle": "所有空格 should return \"hello\"",
      "timedOut": false,
      "duration": 1,
      "state": "passed",
      "speed": "fast",
      "pass": true,
      "fail": false,
      "pending": false,
      "code": "expect(_index2.default.trim('  hel lo ', 1)).to.eq('hello');",
      "err": {},
      "isRoot": false,
      "uuid": "ddf82759-d152-471e-856f-dbdfae009434",
      "parentUUID": "3f755312-4861-42c2-bba4-f4fe1860e24c",
      "isHook": false,
      "skipped": false
    },
    {
      "title": "should return \"he  llo\"",
      "fullTitle": "前后空格 should return \"he  llo\"",
      "timedOut": false,
      "duration": 0,
      "state": "passed",
      "speed": "fast",
      "pass": true,
      "fail": false,
      "pending": false,
      "code": "expect(_index2.default.trim(' he  llo ', 2)).to.eq('he  llo');",
      "err": {},
      "isRoot": false,
      "uuid": "3f9540a3-4c6a-49d0-b69f-8eca4f773359",
      "parentUUID": "0906abe4-4843-4165-8d83-c786cacb77c7",
      "isHook": false,
      "skipped": false
    },
    {
      "title": "should return \"he  llo\"",
      "fullTitle": "前空格 should return \"he  llo\"",
      "timedOut": false,
      "duration": 0,
      "state": "passed",
      "speed": "fast",
      "pass": true,
      "fail": false,
      "pending": false,
      "code": "expect(_index2.default.trim(' he  llo', 3)).to.eq('he  llo');",
      "err": {},
      "isRoot": false,
      "uuid": "be7eb5fa-05d1-4835-bbbd-3df5f184ebf3",
      "parentUUID": "df429591-9caf-4221-8cf7-6d52a13d178b",
      "isHook": false,
      "skipped": false
    },
    {
      "title": "should return \"he  llo\"",
      "fullTitle": "后空格 should return \"he  llo\"",
      "timedOut": false,
      "duration": 0,
      "state": "passed",
      "speed": "fast",
      "pass": true,
      "fail": false,
      "pending": false,
      "code": "expect(_index2.default.trim('he  llo ', 4)).to.eq('he  llo');",
      "err": {},
      "isRoot": false,
      "uuid": "8d215ccd-1b36-4b3d-8427-66459762dece",
      "parentUUID": "7c25eb21-4f11-4567-b505-e87f44978597",
      "isHook": false,
      "skipped": false
    },
    {
      "title": "should return heLLo worLd",
      "fullTitle": "替换字符 should return heLLo worLd",
      "timedOut": false,
      "duration": 1,
      "state": "passed",
      "speed": "fast",
      "pass": true,
      "fail": false,
      "pending": false,
      "code": "expect(_index2.default.replaceAll('hello world', 'l', 'L')).to.eq('heLLo worLd');",
      "err": {},
      "isRoot": false,
      "uuid": "f180c328-bbdc-4f8b-a023-68f8ec4a08cc",
      "parentUUID": "4db1245b-c00c-4396-a443-8da8c1143213",
      "isHook": false,
      "skipped": false
    },
    {
      "title": "should return hello world",
      "fullTitle": "替换数字 should return hello world",
      "timedOut": false,
      "duration": 0,
      "state": "passed",
      "speed": "fast",
      "pass": true,
      "fail": false,
      "pending": false,
      "code": "expect(_index2.default.replaceAll('hello 123', 123, 'world')).to.eq('hello world');",
      "err": {},
      "isRoot": false,
      "uuid": "3bfb386f-b455-40a3-950f-daf8576f8b20",
      "parentUUID": "db3ac62f-982e-4929-8c6a-48db0aeb10d0",
      "isHook": false,
      "skipped": false
    },
    {
      "title": "should return l",
      "fullTitle": "找出字符串中字符数最多的那个字符 should return l",
      "timedOut": false,
      "duration": 0,
      "state": "passed",
      "speed": "fast",
      "pass": true,
      "fail": false,
      "pending": false,
      "code": "expect(_index2.default.countNum('hello world')[0]).to.eq('l');",
      "err": {},
      "isRoot": false,
      "uuid": "98b68f7a-ba70-453b-aaf1-3b7dfb0757d9",
      "parentUUID": "9291ea9c-3380-4686-a2c3-9eaea7dae330",
      "isHook": false,
      "skipped": false
    },
    {
      "title": "should return 3",
      "fullTitle": "有相同个数的最多的字符串 should return 3",
      "timedOut": false,
      "duration": 0,
      "state": "passed",
      "speed": "fast",
      "pass": true,
      "fail": false,
      "pending": false,
      "code": "expect(_index2.default.countNum('hh ee llo').length).to.eq(3);",
      "err": {},
      "isRoot": false,
      "uuid": "ac3dc3f3-2cd0-40b1-a455-36c8448cef04",
      "parentUUID": "f044bebc-7c02-4cc7-9484-7756abb7d4a5",
      "isHook": false,
      "skipped": false
    },
    {
      "title": "should return \"你好,h e...\"",
      "fullTitle": "字符串截取8位,包含汉字 should return \"你好,h e...\"",
      "timedOut": false,
      "duration": 1,
      "state": "passed",
      "speed": "fast",
      "pass": true,
      "fail": false,
      "pending": false,
      "code": "expect(_index2.default.cutstr('你好,h ello', 8)).to.eq('你好,h e...');",
      "err": {},
      "isRoot": false,
      "uuid": "7ce2b93c-f828-42fc-96de-22f70b44a078",
      "parentUUID": "44c8bb36-b6fe-45e1-bb7c-7b2b30618731",
      "isHook": false,
      "skipped": false
    },
    {
      "title": "should return \"hello wo...\"",
      "fullTitle": "字符串截取8位,不包含汉字 should return \"hello wo...\"",
      "timedOut": false,
      "duration": 0,
      "state": "passed",
      "speed": "fast",
      "pass": true,
      "fail": false,
      "pending": false,
      "code": "expect(_index2.default.cutstr('hello world', 8)).to.eq('hello wo...');",
      "err": {},
      "isRoot": false,
      "uuid": "6cb4b55e-cc45-487f-aa05-936f921c8242",
      "parentUUID": "56594979-86de-4700-af43-0bbf5e7824bb",
      "isHook": false,
      "skipped": false
    }
  ],
  "allFailures": [],
  "copyrightYear": 2017
}