TN:
SF:G:/aegis/aegis_utils/index.js
FN:4,_trim
FN:15,subList
FN:35,replaceAll
FN:41,removeRepeatArray
FN:44,upsetArr
FN:44,(anonymous_8)
FN:47,maxArr
FN:50,minArr
FN:53,throttle
FN:53,(anonymous_12)
FN:57,(anonymous_13)
FN:61,countNum
FN:63,(anonymous_15)
FN:70,(anonymous_16)
FN:70,(anonymous_17)
FN:74,getStyle
FN:79,(anonymous_19)
FN:85,cutstr
FN:107,discriCard
FN:119,checkDate
FN:127,randomPassword
FN:140,isQQ
FN:140,isPhone
FN:140,isEmail
FN:140,isNumber
FN:140,isChinese
FN:140,isPostcode
FN:140,isIDcard
FN:140,isURL
FN:140,isDate
FN:140,isIP
FN:232,pick
FN:232,(anonymous_35)
FN:233,(anonymous_36)
FN:234,reject
FN:235,(anonymous_38)
FN:236,(anonymous_39)
FN:237,(anonymous_40)
FN:240,quickSort
FN:262,convertCurrency
FNF:40
FNH:10
FNDA:6,_trim
FNDA:8,subList
FNDA:2,replaceAll
FNDA:0,removeRepeatArray
FNDA:0,upsetArr
FNDA:0,(anonymous_8)
FNDA:0,maxArr
FNDA:0,minArr
FNDA:0,throttle
FNDA:0,(anonymous_12)
FNDA:0,(anonymous_13)
FNDA:2,countNum
FNDA:11,(anonymous_15)
FNDA:11,(anonymous_16)
FNDA:65,(anonymous_17)
FNDA:0,getStyle
FNDA:0,(anonymous_19)
FNDA:2,cutstr
FNDA:0,discriCard
FNDA:0,checkDate
FNDA:0,randomPassword
FNDA:0,isQQ
FNDA:0,isPhone
FNDA:0,isEmail
FNDA:5,isNumber
FNDA:0,isChinese
FNDA:0,isPostcode
FNDA:0,isIDcard
FNDA:0,isURL
FNDA:0,isDate
FNDA:0,isIP
FNDA:0,pick
FNDA:0,(anonymous_35)
FNDA:0,(anonymous_36)
FNDA:0,reject
FNDA:0,(anonymous_38)
FNDA:0,(anonymous_39)
FNDA:0,(anonymous_40)
FNDA:0,quickSort
FNDA:2,convertCurrency
DA:4,1
DA:6,6
DA:7,3
DA:8,1
DA:9,1
DA:10,1
DA:11,0
DA:14,1
DA:16,8
DA:17,2
DA:22,6
DA:23,6
DA:24,6
DA:25,2
DA:27,6
DA:36,2
DA:37,2
DA:41,0
DA:44,0
DA:47,0
DA:50,0
DA:53,0
DA:54,0
DA:55,0
DA:56,0
DA:57,0
DA:62,2
DA:63,2
DA:64,11
DA:65,11
DA:70,65
DA:71,2
DA:75,0
DA:76,0
DA:77,0
DA:78,0
DA:79,0
DA:80,0
DA:82,0
DA:86,2
DA:87,2
DA:88,2
DA:89,2
DA:90,2
DA:91,16
DA:92,14
DA:94,14
DA:95,12
DA:97,2
DA:99,14
DA:101,2
DA:104,2
DA:108,0
DA:109,0
DA:110,0
DA:111,0
DA:112,0
DA:114,0
DA:116,0
DA:120,0
DA:121,0
DA:122,0
DA:124,0
DA:128,0
DA:130,0
DA:131,0
DA:132,0
DA:133,0
DA:134,0
DA:135,0
DA:137,0
DA:145,0
DA:146,0
DA:147,0
DA:149,0
DA:153,0
DA:154,0
DA:155,0
DA:157,0
DA:161,0
DA:163,0
DA:164,0
DA:166,0
DA:170,5
DA:171,5
DA:172,3
DA:174,2
DA:178,0
DA:179,0
DA:180,0
DA:182,0
DA:187,0
DA:189,0
DA:190,0
DA:192,0
DA:196,0
DA:197,0
DA:198,0
DA:200,0
DA:204,0
DA:205,0
DA:206,0
DA:208,0
DA:212,0
DA:213,0
DA:214,0
DA:216,0
DA:225,0
DA:226,0
DA:227,0
DA:229,0
DA:232,0
DA:233,0
DA:234,0
DA:235,0
DA:236,0
DA:237,0
DA:242,0
DA:243,0
DA:245,0
DA:247,0
DA:248,0
DA:251,0
DA:252,0
DA:253,0
DA:255,0
DA:259,0
DA:264,2
DA:266,2
DA:268,2
DA:270,2
DA:272,2
DA:274,2
DA:276,2
DA:278,2
DA:280,2
DA:282,2
DA:284,2
DA:285,2
DA:286,2
DA:287,2
DA:289,0
DA:291,2
DA:292,0
DA:293,0
DA:296,2
DA:297,2
DA:298,1
DA:299,1
DA:301,1
DA:302,1
DA:303,1
DA:306,2
DA:307,2
DA:308,2
DA:309,2
DA:310,18
DA:311,18
DA:312,18
DA:313,18
DA:314,18
DA:315,14
DA:317,4
DA:318,2
DA:321,4
DA:322,4
DA:324,18
DA:325,3
DA:328,2
DA:331,2
DA:332,1
DA:333,1
DA:334,2
DA:335,2
DA:336,2
DA:340,2
DA:341,0
DA:342,2
DA:343,1
DA:345,2
LF:180
LH:88
BRDA:7,0,0,3
BRDA:7,0,1,1
BRDA:7,0,2,1
BRDA:7,0,3,1
BRDA:7,0,4,0
BRDA:16,1,0,2
BRDA:16,1,1,6
BRDA:16,2,0,8
BRDA:16,2,1,8
BRDA:24,3,0,2
BRDA:24,3,1,4
BRDA:54,4,0,0
BRDA:54,4,1,0
BRDA:70,5,0,4
BRDA:70,5,1,7
BRDA:76,6,0,0
BRDA:76,6,1,0
BRDA:76,7,0,0
BRDA:76,7,1,0
BRDA:78,8,0,0
BRDA:78,8,1,0
BRDA:91,9,0,14
BRDA:91,9,1,2
BRDA:94,10,0,12
BRDA:94,10,1,2
BRDA:111,11,0,0
BRDA:111,11,1,0
BRDA:121,12,0,0
BRDA:121,12,1,0
BRDA:146,13,0,0
BRDA:146,13,1,0
BRDA:154,14,0,0
BRDA:154,14,1,0
BRDA:163,15,0,0
BRDA:163,15,1,0
BRDA:171,16,0,3
BRDA:171,16,1,2
BRDA:179,17,0,0
BRDA:179,17,1,0
BRDA:189,18,0,0
BRDA:189,18,1,0
BRDA:197,19,0,0
BRDA:197,19,1,0
BRDA:205,20,0,0
BRDA:205,20,1,0
BRDA:213,21,0,0
BRDA:213,21,1,0
BRDA:226,22,0,0
BRDA:226,22,1,0
BRDA:232,23,0,0
BRDA:232,23,1,0
BRDA:232,24,0,0
BRDA:232,24,1,0
BRDA:242,25,0,0
BRDA:242,25,1,0
BRDA:252,26,0,0
BRDA:252,26,1,0
BRDA:285,27,0,0
BRDA:285,27,1,2
BRDA:287,28,0,0
BRDA:287,28,1,2
BRDA:291,29,0,0
BRDA:291,29,1,2
BRDA:297,30,0,1
BRDA:297,30,1,1
BRDA:306,31,0,2
BRDA:306,31,1,0
BRDA:314,32,0,14
BRDA:314,32,1,4
BRDA:317,33,0,2
BRDA:317,33,1,2
BRDA:324,34,0,3
BRDA:324,34,1,15
BRDA:324,35,0,18
BRDA:324,35,1,5
BRDA:331,36,0,1
BRDA:331,36,1,1
BRDA:335,37,0,2
BRDA:335,37,1,0
BRDA:340,38,0,0
BRDA:340,38,1,2
BRDA:342,39,0,1
BRDA:342,39,1,1
BRF:83
BRH:38
end_of_record
